mysql> source hw5.sql
+-------+
| maker |
+-------+
| B     |
| B     |
| E     |
+-------+
3 rows in set (0.01 sec)

+------------+-------+
| max(price) | model |
+------------+-------+
|        899 | 3001  |
+------------+-------+
1 row in set (0.00 sec)

+-------+
| model |
+-------+
| 2001  |
| 2002  |
| 2003  |
| 2004  |
| 2005  |
| 2006  |
| 2007  |
| 2008  |
| 2009  |
| 2010  |
+-------+
10 rows in set (0.00 sec)

+-------+
| model |
+-------+
| 2001  |
+-------+
1 row in set (0.01 sec)

+-------+
| maker |
+-------+
| E     |
+-------+
1 row in set (0.00 sec)

+-------+
| maker |
+-------+
| B     |
+-------+
1 row in set (0.00 sec)

mysql> notee
